<?xml version="1.0" encoding="UTF-8"?>
<!-- Generated by org.testng.reporters.JUnitReportReporter -->
<testsuite hostname="SSRamakrishna" failures="0" tests="1" name="annotation.AnnotationINReal" time="0.029" errors="0" timestamp="2022-08-18T17:58:01 IST" skipped="0">
  <testcase classname="annotation.AnnotationINReal" name="modifyCustomer" time="0.029"/>
  <system-out>
    <![CDATA[modifycustomer]]>
  </system-out>
</testsuite> <!-- annotation.AnnotationINReal -->
