<?xml version="1.0" encoding="UTF-8"?>
<!-- Generated by org.testng.reporters.JUnitReportReporter -->
<testsuite hostname="SSRamakrishna" failures="0" tests="4" name="annotation.A2" time="0.047" errors="0" timestamp="2022-08-20T16:26:06 IST" skipped="0">
  <testcase classname="annotation.A2" name="deleteCustomer" time="0.016"/>
  <system-out>
    <![CDATA[deleteCustomer]]>
  </system-out>
  <testcase classname="annotation.A2" name="registerCustomer" time="0.007"/>
  <system-out>
    <![CDATA[registerCustomer]]>
  </system-out>
  <testcase classname="annotation.A2" name="editCustomer" time="0.012"/>
  <system-out>
    <![CDATA[editeCustomer]]>
  </system-out>
  <testcase classname="annotation.A2" name="editCustomer" time="0.012"/>
  <system-out>
    <![CDATA[editeCustomer]]>
  </system-out>
</testsuite> <!-- annotation.A2 -->
