<?xml version="1.0" encoding="UTF-8"?>
<!-- Generated by org.testng.reporters.JUnitReportReporter -->
<testsuite hostname="SSRamakrishna" failures="0" tests="3" name="anno.InRealTime" time="0.044" errors="0" timestamp="2022-08-20T23:06:58 IST" skipped="0">
  <testcase classname="anno.InRealTime" name="modifyCustomer" time="0.006"/>
  <system-out>
    <![CDATA[ModifyCustomer]]>
  </system-out>
  <testcase classname="anno.InRealTime" name="createCustomer" time="0.016"/>
  <system-out>
    <![CDATA[createCustomer]]>
  </system-out>
  <testcase classname="anno.InRealTime" name="deleteCustomer" time="0.022"/>
  <system-out>
    <![CDATA[Delete Customer]]>
  </system-out>
</testsuite> <!-- anno.InRealTime -->
