<?xml version="1.0" encoding="UTF-8"?>
<!-- Generated by org.testng.reporters.JUnitReportReporter -->
<testsuite hostname="SSRamakrishna" failures="0" tests="4" name="anno.CustomerModule" time="0.056" errors="0" timestamp="2022-08-27T21:40:26 IST" skipped="0">
  <testcase classname="anno.CustomerModule" name="registerCustomer" time="0.009"/>
  <system-out>
    <![CDATA[Register Customer]]>
  </system-out>
  <testcase classname="anno.CustomerModule" name="deleteCustomer" time="0.026"/>
  <system-out>
    <![CDATA[Delete Customer]]>
  </system-out>
  <testcase classname="anno.CustomerModule" name="editCustomer" time="0.010"/>
  <system-out>
    <![CDATA[Edit Customer]]>
  </system-out>
  <testcase classname="anno.CustomerModule" name="editCustomer" time="0.011"/>
  <system-out>
    <![CDATA[Edit Customer]]>
  </system-out>
</testsuite> <!-- anno.CustomerModule -->
