<?xml version="1.0" encoding="UTF-8"?>
<!-- Generated by org.testng.reporters.JUnitReportReporter -->
<testsuite hostname="SSRamakrishna" failures="0" tests="1" name="testNG.Assertion" time="11.054" errors="0" timestamp="2022-08-18T15:43:20 IST" skipped="0">
  <testcase classname="testNG.Assertion" name="testVerfyTitle" time="11.054"/>
  <system-out>
    <![CDATA[Title not matching]]>
  </system-out>
</testsuite> <!-- testNG.Assertion -->
