<?xml version="1.0" encoding="UTF-8"?>
<!-- Generated by org.testng.reporters.JUnitReportReporter -->
<testsuite hostname="SSRamakrishna" failures="0" tests="1" name="baseClass.P111" time="12.331" errors="0" timestamp="2022-08-20T18:20:39 IST" skipped="0">
  <testcase classname="baseClass.P111" name="testScreenShot" time="12.331"/>
  <system-out/>
</testsuite> <!-- baseClass.P111 -->
