<?xml version="1.0" encoding="UTF-8"?>
<!-- Generated by org.testng.reporters.JUnitReportReporter -->
<testsuite hostname="SSRamakrishna" failures="0" tests="1" name="polymorphism.WhenWeUSe" time="44.465" errors="0" timestamp="2022-08-21T12:45:54 IST" skipped="0">
  <testcase classname="polymorphism.WhenWeUSe" name="testRunTime" time="44.465"/>
  <system-out/>
</testsuite> <!-- polymorphism.WhenWeUSe -->
