<?xml version="1.0" encoding="UTF-8"?>
<!-- Generated by org.testng.reporters.JUnitReportReporter -->
<testsuite hostname="SSRamakrishna" failures="0" tests="1" name="baseC.Screen" time="20.024" errors="0" timestamp="2022-08-20T20:25:03 IST" skipped="0">
  <testcase classname="baseC.Screen" name="screenS" time="20.024"/>
  <system-out/>
</testsuite> <!-- baseC.Screen -->
