<?xml version="1.0" encoding="UTF-8"?>
<!-- Generated by org.testng.reporters.JUnitReportReporter -->
<testsuite hostname="SSRamakrishna" failures="0" tests="1" name="baseClass.ScreenShot" time="16.412" errors="0" timestamp="2022-08-20T17:32:01 IST" skipped="0">
  <testcase classname="baseClass.ScreenShot" name="testScreenshot" time="16.412"/>
  <system-out/>
</testsuite> <!-- baseClass.ScreenShot -->
