<?xml version="1.0" encoding="UTF-8"?>
<!-- Generated by org.testng.reporters.JUnitReportReporter -->
<testsuite hostname="SSRamakrishna" failures="0" tests="1" name="base.BaseClass" time="0.032" errors="0" timestamp="2022-08-21T12:13:48 IST" skipped="0">
  <testcase classname="base.BaseClass" name="rama" time="0.032"/>
  <system-out>
    <![CDATA[Ram]]>
  </system-out>
</testsuite> <!-- base.BaseClass -->
