<?xml version="1.0" encoding="UTF-8"?>
<!-- Generated by org.testng.reporters.JUnitReportReporter -->
<testsuite hostname="SSRamakrishna" failures="0" tests="4" name="annotation.CustomerModule" time="0.041" errors="0" timestamp="2022-08-18T17:56:40 IST" skipped="0">
  <testcase classname="annotation.CustomerModule" name="registerCustomer" time="0.007"/>
  <system-out>
    <![CDATA[registerCustomer]]>
  </system-out>
  <testcase classname="annotation.CustomerModule" name="deleteCustomer" time="0.018"/>
  <system-out>
    <![CDATA[deleteCustomer]]>
  </system-out>
  <testcase classname="annotation.CustomerModule" name="editCustomer" time="0.005"/>
  <system-out>
    <![CDATA[editeCustomer]]>
  </system-out>
  <testcase classname="annotation.CustomerModule" name="editCustomer" time="0.011"/>
  <system-out>
    <![CDATA[editeCustomer]]>
  </system-out>
</testsuite> <!-- annotation.CustomerModule -->
