<?xml version="1.0" encoding="UTF-8"?>
<!-- Generated by org.testng.reporters.JUnitReportReporter -->
<testsuite hostname="SSRamakrishna" failures="0" tests="1" name="testNG.CustomerModule" time="0.011" errors="0" timestamp="2022-08-18T15:43:20 IST" skipped="0">
  <testcase classname="testNG.CustomerModule" name="createCustomer" time="0.011"/>
  <system-out>
    <![CDATA[modifyCustomer]]>
  </system-out>
</testsuite> <!-- testNG.CustomerModule -->
