<?xml version="1.0" encoding="UTF-8"?>
<!-- Generated by org.testng.reporters.JUnitReportReporter -->
<testsuite hostname="SSRamakrishna" failures="0" tests="1" name="base.Listener" time="0.026" errors="0" timestamp="2022-08-21T12:17:22 IST" skipped="0">
  <testcase classname="base.Listener" name="ram" time="0.026"/>
  <system-out/>
</testsuite> <!-- base.Listener -->
