<?xml version="1.0" encoding="UTF-8"?>
<!-- Generated by org.testng.reporters.JUnitReportReporter -->
<testsuite hostname="SSRamakrishna" failures="0" tests="1" name="annotation.ScreenShot" time="13.811" errors="0" timestamp="2022-08-18T17:30:35 IST" skipped="0">
  <testcase classname="annotation.ScreenShot" name="testSreenshot" time="13.811"/>
  <system-out/>
</testsuite> <!-- annotation.ScreenShot -->
