<?xml version="1.0" encoding="UTF-8"?>
<!-- Generated by org.testng.reporters.JUnitReportReporter -->
<testsuite hostname="SSRamakrishna" failures="0" tests="3" name="testNG.Demo1" time="0.039" errors="0" timestamp="2022-08-18T15:43:20 IST" skipped="0">
  <testcase classname="testNG.Demo1" name="createCustomer" time="0.016"/>
  <system-out>
    <![CDATA[createCustomer]]>
  </system-out>
  <testcase classname="testNG.Demo1" name="deleteCustomer" time="0.015"/>
  <system-out>
    <![CDATA[deleteCustomer]]>
  </system-out>
  <testcase classname="testNG.Demo1" name="modifyCustomer" time="0.008"/>
  <system-out>
    <![CDATA[modifyCustomer]]>
  </system-out>
</testsuite> <!-- testNG.Demo1 -->
