<?xml version="1.0" encoding="UTF-8"?>
<!-- Generated by org.testng.reporters.JUnitReportReporter -->
<testsuite hostname="SSRamakrishna" failures="0" tests="1" name="pactice.Poly" time="43.258" errors="0" timestamp="2022-08-21T12:59:11 IST" skipped="0">
  <testcase classname="pactice.Poly" name="rama" time="43.258"/>
  <system-out/>
</testsuite> <!-- pactice.Poly -->
