<?xml version="1.0" encoding="UTF-8"?>
<!-- Generated by org.testng.reporters.JUnitReportReporter -->
<testsuite hostname="SSRamakrishna" failures="0" tests="1" name="pom.ValidOrInvalid" time="22.499" errors="0" timestamp="2022-08-23T13:08:58 IST" skipped="0">
  <testcase classname="pom.ValidOrInvalid" name="testValidLogin" time="22.499"/>
  <system-out/>
</testsuite> <!-- pom.ValidOrInvalid -->
