<?xml version="1.0" encoding="UTF-8"?>
<!-- Generated by org.testng.reporters.JUnitReportReporter -->
<testsuite hostname="SSRamakrishna" failures="0" tests="1" name="base.GenericBaseClass" time="47.469" errors="0" timestamp="2022-08-21T12:28:09 IST" skipped="0">
  <testcase classname="base.GenericBaseClass" name="ram" time="47.469"/>
  <system-out>
    <![CDATA[Radha]]>
  </system-out>
</testsuite> <!-- base.GenericBaseClass -->
