<?xml version="1.0" encoding="UTF-8"?>
<!-- Generated by org.testng.reporters.JUnitReportReporter -->
<testsuite hostname="SSRamakrishna" failures="0" tests="1" name="base.Screenshot" time="9.652" errors="0" timestamp="2022-08-20T22:55:03 IST" skipped="0">
  <testcase classname="base.Screenshot" name="screenS" time="9.652"/>
  <system-out/>
</testsuite> <!-- base.Screenshot -->
